Running: C:\Xilinx\14.3\ISE_DS\ISE\bin\nt\unwrapped\fuse.exe -intstyle ise -incremental -lib secureip -o C:/Users/ice_city/ice_city_cpu/cpu_tb_isim_beh.exe -prj C:/Users/ice_city/ice_city_cpu/cpu_tb_beh.prj work.cpu_tb 
ISim P.40xd (signature 0x8ef4fb42)
Number of CPUs detected in this system: 4
Turning on mult-threading, number of parallel sub-compilation jobs: 8 
Determining compilation order of HDL files
Parsing VHDL file "C:/Users/ice_city/ice_city_cpu/timer.vhd" into library work
Parsing VHDL file "C:/Users/ice_city/ice_city_cpu/rewrite.vhd" into library work
Parsing VHDL file "C:/Users/ice_city/ice_city_cpu/memery_modle.vhd" into library work
Parsing VHDL file "C:/Users/ice_city/ice_city_cpu/fetch.vhd" into library work
Parsing VHDL file "C:/Users/ice_city/ice_city_cpu/contrl.vhd" into library work
Parsing VHDL file "C:/Users/ice_city/ice_city_cpu/arithmetic.vhd" into library work
Parsing VHDL file "C:/Users/ice_city/ice_city_cpu/cpu_final.vhd" into library work
Parsing VHDL file "C:/Users/ice_city/ice_city_cpu/cpu_tb.vhd" into library work
Starting static elaboration
Completed static elaboration
Fuse Memory Usage: 163888 KB
Fuse CPU Usage: 483 ms
Compiling package standard
Compiling package std_logic_1164
Compiling package numeric_std
Compiling package std_logic_arith
Compiling package std_logic_unsigned
Compiling package vcomponents
Compiling architecture behavioral of entity timer [timer_default]
Compiling architecture behavioral of entity fetch [fetch_default]
Compiling architecture behavioral of entity arithmetic [arithmetic_default]
Compiling architecture behavioral of entity memery_modle [memery_modle_default]
Compiling architecture behavioral of entity rewrite [rewrite_default]
Compiling architecture behavioral of entity contrl [contrl_default]
Compiling architecture behavioral of entity cpu_final [cpu_final_default]
Compiling architecture behavior of entity cpu_tb
Time Resolution for simulation is 1ps.
Waiting for 6 sub-compilation(s) to finish...
Compiled 21 VHDL Units
Built simulation executable C:/Users/ice_city/ice_city_cpu/cpu_tb_isim_beh.exe
Fuse Memory Usage: 188928 KB
Fuse CPU Usage: 890 ms
